Compiling the CXX compiler identification source file "CMakeCXXCompilerId.cpp" failed.
Compiler:  
Build flags: 
Id flags: 

The output was:
1
Microsoft (R) Build Engine, version 14.0.23107.0
Copyright (C) Microsoft Corporation. Tous droits r‚serv‚s.

La g‚n‚ration a d‚marr‚ 13/04/2018 17:41:43.
Projet "C:\Users\madpl\dev\42\ft_vox\build\CMakeFiles\3.6.2\CompilerIdCXX\CompilerIdCXX.vcxproj" sur le noud 1 (cibles par d‚faut).
PrepareForBuild:
  Cr‚ation du r‚pertoire "Debug\".
  Cr‚ation du r‚pertoire "Debug\CompilerIdCXX.tlog\".
InitializeBuildStatus:
  Cr‚ation de "Debug\CompilerIdCXX.tlog\unsuccessfulbuild", car "AlwaysCreate" a ‚t‚ sp‚cifi‚.
ClCompile:
  CL.exe /c /nologo /W0 /WX- /Od /Oy- /D _MBCS /Gm- /EHsc /RTC1 /MDd /GS /fp:precise /Zc:wchar_t /Zc:forScope /Zc:inline /Fo"Debug\\" /Fd"Debug\vc140.pdb" /Gd /TP /analyze- /errorReport:queue CMakeCXXCompilerId.cpp
TRACKER : error TRK0005: ‚chec de localisation deÿ: "CL.exe". Le fichier sp‚cifi‚ est introuvable. [C:\Users\madpl\dev\42\ft_vox\build\CMakeFiles\3.6.2\CompilerIdCXX\CompilerIdCXX.vcxproj]
  
  
G‚n‚ration du projet "C:\Users\madpl\dev\42\ft_vox\build\CMakeFiles\3.6.2\CompilerIdCXX\CompilerIdCXX.vcxproj" termin‚e (cibles par d‚faut) -- CHEC.

CHEC de la build.

"C:\Users\madpl\dev\42\ft_vox\build\CMakeFiles\3.6.2\CompilerIdCXX\CompilerIdCXX.vcxproj" (cible par d‚faut) (1) ->
(ClCompile cible) -> 
  TRACKER : error TRK0005: ‚chec de localisation deÿ: "CL.exe". Le fichier sp‚cifi‚ est introuvable. [C:\Users\madpl\dev\42\ft_vox\build\CMakeFiles\3.6.2\CompilerIdCXX\CompilerIdCXX.vcxproj]

    0 Avertissement(s)
    1 Erreur(s)

Temps ‚coul‚ 00:00:01.43


